<?xml version="1.0" encoding="UTF-8"?>
<robot generator="Robot 6.0.1 (Python 3.11.1 on win32)" generated="20230104 13:32:34.234" rpa="false" schemaversion="3">
<suite id="s1" name="Amazon Testes Gherkin Bdd" source="C:\CursoUdemy\RobotFramework\WebTesting\amazon_testes_gherkin_bdd.robot">
<test id="s1-t1" name="Caso de teste 2 - Pesquisa de um Produto" line="19">
<kw name="Abrir o navegador" library="amazon_resources" type="SETUP">
<kw name="Open Browser" library="SeleniumLibrary">
<arg>browser=chrome</arg>
<doc>Opens a new browser instance to the optional ``url``.</doc>
<msg timestamp="20230104 13:32:34.483" level="INFO">Opening browser 'chrome' to base url 'None'.</msg>
<status status="PASS" starttime="20230104 13:32:34.483" endtime="20230104 13:32:35.675"/>
</kw>
<kw name="Maximize Browser Window" library="SeleniumLibrary">
<doc>Maximizes current browser window.</doc>
<status status="PASS" starttime="20230104 13:32:35.675" endtime="20230104 13:32:35.804"/>
</kw>
<status status="PASS" starttime="20230104 13:32:34.482" endtime="20230104 13:32:35.805"/>
</kw>
<kw name="Dado que estou na home page da Amazon.com.br" library="amazon_resources">
<kw name="Acessar a home page do site Amazon.com.br" library="amazon_resources">
<kw name="Go To" library="SeleniumLibrary">
<arg>url=${URL}</arg>
<doc>Navigates the current browser window to the provided ``url``.</doc>
<msg timestamp="20230104 13:32:35.807" level="INFO">Opening url 'https://www.amazon.com.br/'</msg>
<status status="PASS" starttime="20230104 13:32:35.807" endtime="20230104 13:32:38.994"/>
</kw>
<kw name="Wait Until Element Is Visible" library="SeleniumLibrary">
<arg>locator=${MENU_ELETRONICOS}</arg>
<doc>Waits until the element ``locator`` is visible.</doc>
<status status="PASS" starttime="20230104 13:32:38.995" endtime="20230104 13:32:39.149"/>
</kw>
<status status="PASS" starttime="20230104 13:32:35.806" endtime="20230104 13:32:39.149"/>
</kw>
<kw name="Verificar se o título da página fica &quot;Amazon.com.br | Tudo pra você, de A a Z.&quot;" library="amazon_resources" sourcename="Verificar se o título da página fica &quot;${TITULO}&quot;">
<kw name="Title Should Be" library="SeleniumLibrary">
<arg>title=${TITULO}</arg>
<doc>Verifies that the current page title equals ``title``.</doc>
<msg timestamp="20230104 13:32:39.162" level="INFO">Page title is 'Amazon.com.br | Tudo pra você, de A a Z.'.</msg>
<status status="PASS" starttime="20230104 13:32:39.150" endtime="20230104 13:32:39.162"/>
</kw>
<status status="PASS" starttime="20230104 13:32:39.149" endtime="20230104 13:32:39.162"/>
</kw>
<status status="PASS" starttime="20230104 13:32:35.806" endtime="20230104 13:32:39.162"/>
</kw>
<kw name="Quando pesquisar pelo produto &quot;xbox series s&quot;" library="amazon_resources">
<kw name="Digitar o nome de produto &quot;xbox series s&quot; no campo de pesquisa" library="amazon_resources" sourcename="Digitar o nome de produto &quot;${PRODUTO}&quot; no campo de Pesquisa">
<kw name="Input Text" library="SeleniumLibrary">
<arg>locator=twotabsearchtextbox</arg>
<arg>text=${PRODUTO}</arg>
<doc>Types the given ``text`` into the text field identified by ``locator``.</doc>
<msg timestamp="20230104 13:32:39.164" level="INFO">Typing text 'xbox series s' into text field 'twotabsearchtextbox'.</msg>
<status status="PASS" starttime="20230104 13:32:39.164" endtime="20230104 13:32:39.348"/>
</kw>
<status status="PASS" starttime="20230104 13:32:39.163" endtime="20230104 13:32:39.349"/>
</kw>
<kw name="Clicar no botão de pesquisa" library="amazon_resources">
<kw name="Click Element" library="SeleniumLibrary">
<arg>locator=nav-search-submit-button</arg>
<doc>Click the element identified by ``locator``.</doc>
<msg timestamp="20230104 13:32:39.350" level="INFO">Clicking element 'nav-search-submit-button'.</msg>
<status status="PASS" starttime="20230104 13:32:39.349" endtime="20230104 13:32:41.070"/>
</kw>
<status status="PASS" starttime="20230104 13:32:39.349" endtime="20230104 13:32:41.070"/>
</kw>
<status status="PASS" starttime="20230104 13:32:39.163" endtime="20230104 13:32:41.071"/>
</kw>
<kw name="Então um produto da linha &quot;Xbox Series S&quot; deve ser mostrado na página" library="amazon_resources">
<kw name="Verificar o resultado da pesquisa se esta listando o produto &quot;Console Xbox Series S&quot;" library="amazon_resources" sourcename="Verificar o resultado da pesquisa se esta listando o produto &quot;${PRODUTO}&quot;">
<kw name="Wait Until Element Is Visible" library="SeleniumLibrary">
<arg>locator=(//span[contains(.,'${PRODUTO}')])[2]</arg>
<doc>Waits until the element ``locator`` is visible.</doc>
<status status="PASS" starttime="20230104 13:32:41.072" endtime="20230104 13:32:41.111"/>
</kw>
<status status="PASS" starttime="20230104 13:32:41.072" endtime="20230104 13:32:41.111"/>
</kw>
<status status="PASS" starttime="20230104 13:32:41.071" endtime="20230104 13:32:41.111"/>
</kw>
<kw name="Fechar o navegador" library="amazon_resources" type="TEARDOWN">
<kw name="Capture Page Screenshot" library="SeleniumLibrary">
<doc>Takes a screenshot of the current page and embeds it into a log file.</doc>
<msg timestamp="20230104 13:32:41.302" level="INFO" html="true">&lt;/td&gt;&lt;/tr&gt;&lt;tr&gt;&lt;td colspan="3"&gt;&lt;a href="selenium-screenshot-48.png"&gt;&lt;img src="selenium-screenshot-48.png" width="800px"&gt;&lt;/a&gt;</msg>
<status status="PASS" starttime="20230104 13:32:41.113" endtime="20230104 13:32:41.302"/>
</kw>
<kw name="Close Browser" library="SeleniumLibrary">
<doc>Closes the current browser.</doc>
<status status="PASS" starttime="20230104 13:32:41.302" endtime="20230104 13:32:43.418"/>
</kw>
<status status="PASS" starttime="20230104 13:32:41.112" endtime="20230104 13:32:43.418"/>
</kw>
<doc>Esse teste verifica a busca de um produto</doc>
<tag>busca_produtos</tag>
<tag>lista_busca</tag>
<status status="PASS" starttime="20230104 13:32:34.482" endtime="20230104 13:32:43.419"/>
</test>
<doc>Esta switch testa o site da Amazom.com.br</doc>
<status status="PASS" starttime="20230104 13:32:34.235" endtime="20230104 13:32:43.420"/>
</suite>
<statistics>
<total>
<stat pass="1" fail="0" skip="0">All Tests</stat>
</total>
<tag>
<stat pass="1" fail="0" skip="0">busca_produtos</stat>
<stat pass="1" fail="0" skip="0">lista_busca</stat>
</tag>
<suite>
<stat pass="1" fail="0" skip="0" id="s1" name="Amazon Testes Gherkin Bdd">Amazon Testes Gherkin Bdd</stat>
</suite>
</statistics>
<errors>
</errors>
</robot>
